<?xml version="1.0" encoding="UTF-8"?>
<testng-results ignored="0" total="1" passed="1" failed="0" skipped="0">
  <reporter-output>
  </reporter-output>
  <suite started-at="2021-11-12T00:32:14 IST" name="Default suite" finished-at="2021-11-12T00:32:25 IST" duration-ms="10316">
    <groups>
    </groups>
    <test started-at="2021-11-12T00:32:14 IST" name="Default test" finished-at="2021-11-12T00:32:25 IST" duration-ms="10316">
      <class name="tutorialsPoint.TestCase">
        <test-method signature="runTestCase()[pri:0, instance:tutorialsPoint.TestCase@4b5a5ed1]" started-at="2021-11-12T00:32:14 IST" name="runTestCase" finished-at="2021-11-12T00:32:25 IST" duration-ms="10272" status="PASS">
          <reporter-output>
          </reporter-output>
        </test-method> <!-- runTestCase -->
      </class> <!-- tutorialsPoint.TestCase -->
    </test> <!-- Default test -->
  </suite> <!-- Default suite -->
</testng-results>
